# JRE version: OpenJDK Runtime Environment (8.0_152-b06) (build 1.8.0_152-release-1136-b06)
# Java VM: OpenJDK 64-Bit Server VM (25.152-b06 mixed mode windows-amd64 compressed oops)
Heap:
 PSYoungGen      total 254976K, used 51478K [0x000000076ab00000, 0x0000000784700000, 0x00000007c0000000)
  eden space 225280K, 9% used [0x000000076ab00000,0x000000076c048958,0x0000000778700000)
  from space 29696K, 99% used [0x000000077c700000,0x000000077e3fd248,0x000000077e400000)
  to   space 65536K, 0% used [0x0000000778700000,0x0000000778700000,0x000000077c700000)
 ParOldGen       total 167424K, used 113643K [0x00000006c0000000, 0x00000006ca380000, 0x000000076ab00000)
  object space 167424K, 67% used [0x00000006c0000000,0x00000006c6efad98,0x00000006ca380000)
 Metaspace       used 6701K, capacity 7320K, committed 7680K, reserved 1056768K
  class space    used 611K, capacity 656K, committed 768K, reserved 1048576K
GC Heap History (10 events):
Event: 5.944 GC heap before
{Heap before GC invocations=7 (full 0):
 PSYoungGen      total 146432K, used 146017K [0x000000076ab00000, 0x0000000775100000, 0x00000007c0000000)
  eden space 130560K, 100% used [0x000000076ab00000,0x0000000772a80000,0x0000000772a80000)
  from space 15872K, 97% used [0x0000000773c80000,0x0000000774b985f0,0x0000000774c00000)
  to   space 18432K, 0% used [0x0000000772a80000,0x0000000772a80000,0x0000000773c80000)
 ParOldGen       total 87552K, used 18612K [0x00000006c0000000, 0x00000006c5580000, 0x000000076ab00000)
  object space 87552K, 21% used [0x00000006c0000000,0x00000006c122d078,0x00000006c5580000)
 Metaspace       used 6542K, capacity 7192K, committed 7424K, reserved 1056768K
  class space    used 605K, capacity 656K, committed 768K, reserved 1048576K
Event: 6.062 GC heap after
Heap after GC invocations=7 (full 0):
 PSYoungGen      total 148992K, used 18416K [0x000000076ab00000, 0x000000077e400000, 0x00000007c0000000)
  eden space 130560K, 0% used [0x000000076ab00000,0x000000076ab00000,0x0000000772a80000)
  from space 18432K, 99% used [0x0000000772a80000,0x0000000773c7c248,0x0000000773c80000)
  to   space 29696K, 0% used [0x000000077c700000,0x000000077c700000,0x000000077e400000)
 ParOldGen       total 87552K, used 34827K [0x00000006c0000000, 0x00000006c5580000, 0x000000076ab00000)
  object space 87552K, 39% used [0x00000006c0000000,0x00000006c2202fc8,0x00000006c5580000)
 Metaspace       used 6542K, capacity 7192K, committed 7424K, reserved 1056768K
  class space    used 605K, capacity 656K, committed 768K, reserved 1048576K
}
Event: 6.985 GC heap before
{Heap before GC invocations=8 (full 0):
 PSYoungGen      total 148992K, used 148976K [0x000000076ab00000, 0x000000077e400000, 0x00000007c0000000)
  eden space 130560K, 100% used [0x000000076ab00000,0x0000000772a80000,0x0000000772a80000)
  from space 18432K, 99% used [0x0000000772a80000,0x0000000773c7c248,0x0000000773c80000)
  to   space 29696K, 0% used [0x000000077c700000,0x000000077c700000,0x000000077e400000)
 ParOldGen       total 87552K, used 34827K [0x00000006c0000000, 0x00000006c5580000, 0x000000076ab00000)
  object space 87552K, 39% used [0x00000006c0000000,0x00000006c2202fc8,0x00000006c5580000)
 Metaspace       used 6552K, capacity 7192K, committed 7424K, reserved 1056768K
  class space    used 605K, capacity 656K, committed 768K, reserved 1048576K
Event: 7.132 GC heap after
Heap after GC invocations=8 (full 0):
 PSYoungGen      total 281600K, used 29666K [0x000000076ab00000, 0x000000077f600000, 0x00000007c0000000)
  eden space 251904K, 0% used [0x000000076ab00000,0x000000076ab00000,0x000000077a100000)
  from space 29696K, 99% used [0x000000077c700000,0x000000077e3f8ba8,0x000000077e400000)
  to   space 38912K, 0% used [0x000000077a100000,0x000000077a100000,0x000000077c700000)
 ParOldGen       total 87552K, used 43504K [0x00000006c0000000, 0x00000006c5580000, 0x000000076ab00000)
  object space 87552K, 49% used [0x00000006c0000000,0x00000006c2a7c0c0,0x00000006c5580000)
 Metaspace       used 6552K, capacity 7192K, committed 7424K, reserved 1056768K
  class space    used 605K, capacity 656K, committed 768K, reserved 1048576K
}
Event: 9.928 GC heap before
{Heap before GC invocations=9 (full 0):
 PSYoungGen      total 281600K, used 281570K [0x000000076ab00000, 0x000000077f600000, 0x00000007c0000000)
  eden space 251904K, 100% used [0x000000076ab00000,0x000000077a100000,0x000000077a100000)
  from space 29696K, 99% used [0x000000077c700000,0x000000077e3f8ba8,0x000000077e400000)
  to   space 38912K, 0% used [0x000000077a100000,0x000000077a100000,0x000000077c700000)
 ParOldGen       total 87552K, used 43504K [0x00000006c0000000, 0x00000006c5580000, 0x000000076ab00000)
  object space 87552K, 49% used [0x00000006c0000000,0x00000006c2a7c0c0,0x00000006c5580000)
 Metaspace       used 6566K, capacity 7256K, committed 7424K, reserved 1056768K
  class space    used 605K, capacity 656K, committed 768K, reserved 1048576K
Event: 10.169 GC heap after
Heap after GC invocations=9 (full 0):
 PSYoungGen      total 290816K, used 38906K [0x000000076ab00000, 0x000000077f600000, 0x00000007c0000000)
  eden space 251904K, 0% used [0x000000076ab00000,0x000000076ab00000,0x000000077a100000)
  from space 38912K, 99% used [0x000000077a100000,0x000000077c6fe8b0,0x000000077c700000)
  to   space 29696K, 0% used [0x000000077c700000,0x000000077c700000,0x000000077e400000)
 ParOldGen       total 87552K, used 69624K [0x00000006c0000000, 0x00000006c5580000, 0x000000076ab00000)
  object space 87552K, 79% used [0x00000006c0000000,0x00000006c43fe208,0x00000006c5580000)
 Metaspace       used 6566K, capacity 7256K, committed 7424K, reserved 1056768K
  class space    used 605K, capacity 656K, committed 768K, reserved 1048576K
}
Event: 10.169 GC heap before
{Heap before GC invocations=10 (full 1):
 PSYoungGen      total 290816K, used 38906K [0x000000076ab00000, 0x000000077f600000, 0x00000007c0000000)
  eden space 251904K, 0% used [0x000000076ab00000,0x000000076ab00000,0x000000077a100000)
  from space 38912K, 99% used [0x000000077a100000,0x000000077c6fe8b0,0x000000077c700000)
  to   space 29696K, 0% used [0x000000077c700000,0x000000077c700000,0x000000077e400000)
 ParOldGen       total 87552K, used 69624K [0x00000006c0000000, 0x00000006c5580000, 0x000000076ab00000)
  object space 87552K, 79% used [0x00000006c0000000,0x00000006c43fe208,0x00000006c5580000)
 Metaspace       used 6566K, capacity 7256K, committed 7424K, reserved 1056768K
  class space    used 605K, capacity 656K, committed 768K, reserved 1048576K
Event: 12.639 GC heap after
Heap after GC invocations=10 (full 1):
 PSYoungGen      total 290816K, used 17352K [0x000000076ab00000, 0x000000077f600000, 0x00000007c0000000)
  eden space 251904K, 0% used [0x000000076ab00000,0x000000076ab00000,0x000000077a100000)
  from space 38912K, 44% used [0x000000077a100000,0x000000077b1f21c0,0x000000077c700000)
  to   space 29696K, 0% used [0x000000077c700000,0x000000077c700000,0x000000077e400000)
 ParOldGen       total 167424K, used 87471K [0x00000006c0000000, 0x00000006ca380000, 0x000000076ab00000)
  object space 167424K, 52% used [0x00000006c0000000,0x00000006c556bcd8,0x00000006ca380000)
 Metaspace       used 6566K, capacity 7256K, committed 7424K, reserved 1056768K
  class space    used 605K, capacity 656K, committed 768K, reserved 1048576K
}
Event: 14.899 GC heap before
{Heap before GC invocations=11 (full 1):
 PSYoungGen      total 290816K, used 269256K [0x000000076ab00000, 0x000000077f600000, 0x00000007c0000000)
  eden space 251904K, 100% used [0x000000076ab00000,0x000000077a100000,0x000000077a100000)
  from space 38912K, 44% used [0x000000077a100000,0x000000077b1f21c0,0x000000077c700000)
  to   space 29696K, 0% used [0x000000077c700000,0x000000077c700000,0x000000077e400000)
 ParOldGen       total 167424K, used 87471K [0x00000006c0000000, 0x00000006ca380000, 0x000000076ab00000)
  object space 167424K, 52% used [0x00000006c0000000,0x00000006c556bcd8,0x00000006ca380000)
 Metaspace       used 6604K, capacity 7256K, committed 7424K, reserved 1056768K
  class space    used 605K, capacity 656K, committed 768K, reserved 1048576K
Event: 15.107 GC heap after
Heap after GC invocations=11 (full 1):
 PSYoungGen      total 254976K, used 29684K [0x000000076ab00000, 0x0000000784700000, 0x00000007c0000000)
  eden space 225280K, 0% used [0x000000076ab00000,0x000000076ab00000,0x0000000778700000)
  from space 29696K, 99% used [0x000000077c700000,0x000000077e3fd248,0x000000077e400000)
  to   space 65536K, 0% used [0x0000000778700000,0x0000000778700000,0x000000077c700000)
 ParOldGen       total 167424K, used 113643K [0x00000006c0000000, 0x00000006ca380000, 0x000000076ab00000)
  object space 167424K, 67% used [0x00000006c0000000,0x00000006c6efad98,0x00000006ca380000)
 Metaspace       used 6604K, capacity 7256K, committed 7424K, reserved 1056768K
  class space    used 605K, capacity 656K, committed 768K, reserved 1048576K
}

