# JRE version: OpenJDK Runtime Environment (8.0_152-b06) (build 1.8.0_152-release-1136-b06)
# Java VM: OpenJDK 64-Bit Server VM (25.152-b06 mixed mode windows-amd64 compressed oops)
Heap:
 PSYoungGen      total 293376K, used 103728K [0x000000076ab00000, 0x0000000791200000, 0x00000007c0000000)
  eden space 261120K, 35% used [0x000000076ab00000,0x00000007705d6980,0x000000077aa00000)
  from space 32256K, 33% used [0x000000077aa00000,0x000000077b4757d0,0x000000077c980000)
  to   space 53760K, 0% used [0x000000078dd80000,0x000000078dd80000,0x0000000791200000)
 ParOldGen       total 173056K, used 87394K [0x00000006c0000000, 0x00000006ca900000, 0x000000076ab00000)
  object space 173056K, 50% used [0x00000006c0000000,0x00000006c5558bc0,0x00000006ca900000)
 Metaspace       used 6572K, capacity 7192K, committed 7424K, reserved 1056768K
  class space    used 605K, capacity 656K, committed 768K, reserved 1048576K
GC Heap History (10 events):
Event: 2.362 GC heap before
{Heap before GC invocations=4 (full 0):
 PSYoungGen      total 71680K, used 71665K [0x000000076ab00000, 0x0000000773700000, 0x00000007c0000000)
  eden space 66560K, 100% used [0x000000076ab00000,0x000000076ec00000,0x000000076ec00000)
  from space 5120K, 99% used [0x000000076ec00000,0x000000076f0fc618,0x000000076f100000)
  to   space 5120K, 0% used [0x0000000773200000,0x0000000773200000,0x0000000773700000)
 ParOldGen       total 87552K, used 11552K [0x00000006c0000000, 0x00000006c5580000, 0x000000076ab00000)
  object space 87552K, 13% used [0x00000006c0000000,0x00000006c0b48228,0x00000006c5580000)
 Metaspace       used 6372K, capacity 7128K, committed 7424K, reserved 1056768K
  class space    used 604K, capacity 656K, committed 768K, reserved 1048576K
Event: 2.393 GC heap after
Heap after GC invocations=4 (full 0):
 PSYoungGen      total 138240K, used 5105K [0x000000076ab00000, 0x0000000773700000, 0x00000007c0000000)
  eden space 133120K, 0% used [0x000000076ab00000,0x000000076ab00000,0x0000000772d00000)
  from space 5120K, 99% used [0x0000000773200000,0x00000007736fc750,0x0000000773700000)
  to   space 5120K, 0% used [0x0000000772d00000,0x0000000772d00000,0x0000000773200000)
 ParOldGen       total 87552K, used 18570K [0x00000006c0000000, 0x00000006c5580000, 0x000000076ab00000)
  object space 87552K, 21% used [0x00000006c0000000,0x00000006c1222ac0,0x00000006c5580000)
 Metaspace       used 6372K, capacity 7128K, committed 7424K, reserved 1056768K
  class space    used 604K, capacity 656K, committed 768K, reserved 1048576K
}
Event: 3.382 GC heap before
{Heap before GC invocations=5 (full 0):
 PSYoungGen      total 138240K, used 138225K [0x000000076ab00000, 0x0000000773700000, 0x00000007c0000000)
  eden space 133120K, 100% used [0x000000076ab00000,0x0000000772d00000,0x0000000772d00000)
  from space 5120K, 99% used [0x0000000773200000,0x00000007736fc750,0x0000000773700000)
  to   space 5120K, 0% used [0x0000000772d00000,0x0000000772d00000,0x0000000773200000)
 ParOldGen       total 87552K, used 18570K [0x00000006c0000000, 0x00000006c5580000, 0x000000076ab00000)
  object space 87552K, 21% used [0x00000006c0000000,0x00000006c1222ac0,0x00000006c5580000)
 Metaspace       used 6496K, capacity 7192K, committed 7424K, reserved 1056768K
  class space    used 604K, capacity 656K, committed 768K, reserved 1048576K
Event: 3.439 GC heap after
Heap after GC invocations=5 (full 0):
 PSYoungGen      total 138240K, used 5100K [0x000000076ab00000, 0x000000077e400000, 0x00000007c0000000)
  eden space 133120K, 0% used [0x000000076ab00000,0x000000076ab00000,0x0000000772d00000)
  from space 5120K, 99% used [0x0000000772d00000,0x00000007731fb2d8,0x0000000773200000)
  to   space 27136K, 0% used [0x000000077c980000,0x000000077c980000,0x000000077e400000)
 ParOldGen       total 87552K, used 38686K [0x00000006c0000000, 0x00000006c5580000, 0x000000076ab00000)
  object space 87552K, 44% used [0x00000006c0000000,0x00000006c25c78a0,0x00000006c5580000)
 Metaspace       used 6496K, capacity 7192K, committed 7424K, reserved 1056768K
  class space    used 604K, capacity 656K, committed 768K, reserved 1048576K
}
Event: 4.198 GC heap before
{Heap before GC invocations=6 (full 0):
 PSYoungGen      total 138240K, used 138220K [0x000000076ab00000, 0x000000077e400000, 0x00000007c0000000)
  eden space 133120K, 100% used [0x000000076ab00000,0x0000000772d00000,0x0000000772d00000)
  from space 5120K, 99% used [0x0000000772d00000,0x00000007731fb2d8,0x0000000773200000)
  to   space 27136K, 0% used [0x000000077c980000,0x000000077c980000,0x000000077e400000)
 ParOldGen       total 87552K, used 38686K [0x00000006c0000000, 0x00000006c5580000, 0x000000076ab00000)
  object space 87552K, 44% used [0x00000006c0000000,0x00000006c25c78a0,0x00000006c5580000)
 Metaspace       used 6544K, capacity 7192K, committed 7424K, reserved 1056768K
  class space    used 605K, capacity 656K, committed 768K, reserved 1048576K
Event: 4.312 GC heap after
Heap after GC invocations=6 (full 0):
 PSYoungGen      total 288256K, used 25239K [0x000000076ab00000, 0x000000077ee00000, 0x00000007c0000000)
  eden space 261120K, 0% used [0x000000076ab00000,0x000000076ab00000,0x000000077aa00000)
  from space 27136K, 93% used [0x000000077c980000,0x000000077e225ca8,0x000000077e400000)
  to   space 32256K, 0% used [0x000000077aa00000,0x000000077aa00000,0x000000077c980000)
 ParOldGen       total 87552K, used 38686K [0x00000006c0000000, 0x00000006c5580000, 0x000000076ab00000)
  object space 87552K, 44% used [0x00000006c0000000,0x00000006c25c78a0,0x00000006c5580000)
 Metaspace       used 6544K, capacity 7192K, committed 7424K, reserved 1056768K
  class space    used 605K, capacity 656K, committed 768K, reserved 1048576K
}
Event: 5.614 GC heap before
{Heap before GC invocations=7 (full 0):
 PSYoungGen      total 288256K, used 286359K [0x000000076ab00000, 0x000000077ee00000, 0x00000007c0000000)
  eden space 261120K, 100% used [0x000000076ab00000,0x000000077aa00000,0x000000077aa00000)
  from space 27136K, 93% used [0x000000077c980000,0x000000077e225ca8,0x000000077e400000)
  to   space 32256K, 0% used [0x000000077aa00000,0x000000077aa00000,0x000000077c980000)
 ParOldGen       total 87552K, used 38686K [0x00000006c0000000, 0x00000006c5580000, 0x000000076ab00000)
  object space 87552K, 44% used [0x00000006c0000000,0x00000006c25c78a0,0x00000006c5580000)
 Metaspace       used 6559K, capacity 7192K, committed 7424K, reserved 1056768K
  class space    used 605K, capacity 656K, committed 768K, reserved 1048576K
Event: 5.749 GC heap after
Heap after GC invocations=7 (full 0):
 PSYoungGen      total 293376K, used 32240K [0x000000076ab00000, 0x0000000791200000, 0x00000007c0000000)
  eden space 261120K, 0% used [0x000000076ab00000,0x000000076ab00000,0x000000077aa00000)
  from space 32256K, 99% used [0x000000077aa00000,0x000000077c97c350,0x000000077c980000)
  to   space 53760K, 0% used [0x000000078dd80000,0x000000078dd80000,0x0000000791200000)
 ParOldGen       total 87552K, used 68815K [0x00000006c0000000, 0x00000006c5580000, 0x000000076ab00000)
  object space 87552K, 78% used [0x00000006c0000000,0x00000006c4333d70,0x00000006c5580000)
 Metaspace       used 6559K, capacity 7192K, committed 7424K, reserved 1056768K
  class space    used 605K, capacity 656K, committed 768K, reserved 1048576K
}
Event: 5.749 GC heap before
{Heap before GC invocations=8 (full 1):
 PSYoungGen      total 293376K, used 32240K [0x000000076ab00000, 0x0000000791200000, 0x00000007c0000000)
  eden space 261120K, 0% used [0x000000076ab00000,0x000000076ab00000,0x000000077aa00000)
  from space 32256K, 99% used [0x000000077aa00000,0x000000077c97c350,0x000000077c980000)
  to   space 53760K, 0% used [0x000000078dd80000,0x000000078dd80000,0x0000000791200000)
 ParOldGen       total 87552K, used 68815K [0x00000006c0000000, 0x00000006c5580000, 0x000000076ab00000)
  object space 87552K, 78% used [0x00000006c0000000,0x00000006c4333d70,0x00000006c5580000)
 Metaspace       used 6559K, capacity 7192K, committed 7424K, reserved 1056768K
  class space    used 605K, capacity 656K, committed 768K, reserved 1048576K
Event: 6.780 GC heap after
Heap after GC invocations=8 (full 1):
 PSYoungGen      total 293376K, used 10709K [0x000000076ab00000, 0x0000000791200000, 0x00000007c0000000)
  eden space 261120K, 0% used [0x000000076ab00000,0x000000076ab00000,0x000000077aa00000)
  from space 32256K, 33% used [0x000000077aa00000,0x000000077b4757d0,0x000000077c980000)
  to   space 53760K, 0% used [0x000000078dd80000,0x000000078dd80000,0x0000000791200000)
 ParOldGen       total 173056K, used 87394K [0x00000006c0000000, 0x00000006ca900000, 0x000000076ab00000)
  object space 173056K, 50% used [0x00000006c0000000,0x00000006c5558bc0,0x00000006ca900000)
 Metaspace       used 6559K, capacity 7192K, committed 7424K, reserved 1056768K
  class space    used 605K, capacity 656K, committed 768K, reserved 1048576K
}

