# JRE version: OpenJDK Runtime Environment (8.0_152-b06) (build 1.8.0_152-release-1136-b06)
# Java VM: OpenJDK 64-Bit Server VM (25.152-b06 mixed mode windows-amd64 compressed oops)
Heap:
 PSYoungGen      total 294400K, used 105238K [0x000000076ab00000, 0x0000000791400000, 0x00000007c0000000)
  eden space 261120K, 40% used [0x000000076ab00000,0x00000007711c5a48,0x000000077aa00000)
  from space 33280K, 0% used [0x000000077aa00000,0x000000077aa00000,0x000000077ca80000)
  to   space 54784K, 0% used [0x000000078de80000,0x000000078de80000,0x0000000791400000)
 ParOldGen       total 87552K, used 87517K [0x00000006c0000000, 0x00000006c5580000, 0x000000076ab00000)
  object space 87552K, 99% used [0x00000006c0000000,0x00000006c5577480,0x00000006c5580000)
 Metaspace       used 6709K, capacity 7320K, committed 7680K, reserved 1056768K
  class space    used 612K, capacity 656K, committed 768K, reserved 1048576K
GC Heap History (10 events):
Event: 5.889 GC heap before
{Heap before GC invocations=5 (full 0):
 PSYoungGen      total 138240K, used 138224K [0x000000076ab00000, 0x0000000773700000, 0x00000007c0000000)
  eden space 133120K, 100% used [0x000000076ab00000,0x0000000772d00000,0x0000000772d00000)
  from space 5120K, 99% used [0x0000000773200000,0x00000007736fc230,0x0000000773700000)
  to   space 5120K, 0% used [0x0000000772d00000,0x0000000772d00000,0x0000000773200000)
 ParOldGen       total 87552K, used 18710K [0x00000006c0000000, 0x00000006c5580000, 0x000000076ab00000)
  object space 87552K, 21% used [0x00000006c0000000,0x00000006c1245870,0x00000006c5580000)
 Metaspace       used 6482K, capacity 7192K, committed 7424K, reserved 1056768K
  class space    used 604K, capacity 656K, committed 768K, reserved 1048576K
Event: 6.197 GC heap after
Heap after GC invocations=5 (full 0):
 PSYoungGen      total 138240K, used 5094K [0x000000076ab00000, 0x000000077e600000, 0x00000007c0000000)
  eden space 133120K, 0% used [0x000000076ab00000,0x000000076ab00000,0x0000000772d00000)
  from space 5120K, 99% used [0x0000000772d00000,0x00000007731f9b70,0x0000000773200000)
  to   space 28160K, 0% used [0x000000077ca80000,0x000000077ca80000,0x000000077e600000)
 ParOldGen       total 87552K, used 39778K [0x00000006c0000000, 0x00000006c5580000, 0x000000076ab00000)
  object space 87552K, 45% used [0x00000006c0000000,0x00000006c26d8ae0,0x00000006c5580000)
 Metaspace       used 6482K, capacity 7192K, committed 7424K, reserved 1056768K
  class space    used 604K, capacity 656K, committed 768K, reserved 1048576K
}
Event: 7.443 GC heap before
{Heap before GC invocations=6 (full 0):
 PSYoungGen      total 138240K, used 138214K [0x000000076ab00000, 0x000000077e600000, 0x00000007c0000000)
  eden space 133120K, 100% used [0x000000076ab00000,0x0000000772d00000,0x0000000772d00000)
  from space 5120K, 99% used [0x0000000772d00000,0x00000007731f9b70,0x0000000773200000)
  to   space 28160K, 0% used [0x000000077ca80000,0x000000077ca80000,0x000000077e600000)
 ParOldGen       total 87552K, used 39941K [0x00000006c0000000, 0x00000006c5580000, 0x000000076ab00000)
  object space 87552K, 45% used [0x00000006c0000000,0x00000006c27017c0,0x00000006c5580000)
 Metaspace       used 6532K, capacity 7192K, committed 7424K, reserved 1056768K
  class space    used 605K, capacity 656K, committed 768K, reserved 1048576K
Event: 7.564 GC heap after
Heap after GC invocations=6 (full 0):
 PSYoungGen      total 289280K, used 25938K [0x000000076ab00000, 0x000000077f000000, 0x00000007c0000000)
  eden space 261120K, 0% used [0x000000076ab00000,0x000000076ab00000,0x000000077aa00000)
  from space 28160K, 92% used [0x000000077ca80000,0x000000077e3d4be8,0x000000077e600000)
  to   space 33280K, 0% used [0x000000077aa00000,0x000000077aa00000,0x000000077ca80000)
 ParOldGen       total 87552K, used 39941K [0x00000006c0000000, 0x00000006c5580000, 0x000000076ab00000)
  object space 87552K, 45% used [0x00000006c0000000,0x00000006c27017c0,0x00000006c5580000)
 Metaspace       used 6532K, capacity 7192K, committed 7424K, reserved 1056768K
  class space    used 605K, capacity 656K, committed 768K, reserved 1048576K
}
Event: 10.381 GC heap before
{Heap before GC invocations=7 (full 0):
 PSYoungGen      total 289280K, used 287058K [0x000000076ab00000, 0x000000077f000000, 0x00000007c0000000)
  eden space 261120K, 100% used [0x000000076ab00000,0x000000077aa00000,0x000000077aa00000)
  from space 28160K, 92% used [0x000000077ca80000,0x000000077e3d4be8,0x000000077e600000)
  to   space 33280K, 0% used [0x000000077aa00000,0x000000077aa00000,0x000000077ca80000)
 ParOldGen       total 87552K, used 39943K [0x00000006c0000000, 0x00000006c5580000, 0x000000076ab00000)
  object space 87552K, 45% used [0x00000006c0000000,0x00000006c2701ee0,0x00000006c5580000)
 Metaspace       used 6556K, capacity 7192K, committed 7424K, reserved 1056768K
  class space    used 605K, capacity 656K, committed 768K, reserved 1048576K
Event: 10.602 GC heap after
Heap after GC invocations=7 (full 0):
 PSYoungGen      total 294400K, used 33267K [0x000000076ab00000, 0x0000000791400000, 0x00000007c0000000)
  eden space 261120K, 0% used [0x000000076ab00000,0x000000076ab00000,0x000000077aa00000)
  from space 33280K, 99% used [0x000000077aa00000,0x000000077ca7cf20,0x000000077ca80000)
  to   space 54784K, 0% used [0x000000078de80000,0x000000078de80000,0x0000000791400000)
 ParOldGen       total 87552K, used 69674K [0x00000006c0000000, 0x00000006c5580000, 0x000000076ab00000)
  object space 87552K, 79% used [0x00000006c0000000,0x00000006c440aa90,0x00000006c5580000)
 Metaspace       used 6556K, capacity 7192K, committed 7424K, reserved 1056768K
  class space    used 605K, capacity 656K, committed 768K, reserved 1048576K
}
Event: 10.602 GC heap before
{Heap before GC invocations=8 (full 1):
 PSYoungGen      total 294400K, used 33267K [0x000000076ab00000, 0x0000000791400000, 0x00000007c0000000)
  eden space 261120K, 0% used [0x000000076ab00000,0x000000076ab00000,0x000000077aa00000)
  from space 33280K, 99% used [0x000000077aa00000,0x000000077ca7cf20,0x000000077ca80000)
  to   space 54784K, 0% used [0x000000078de80000,0x000000078de80000,0x0000000791400000)
 ParOldGen       total 87552K, used 69674K [0x00000006c0000000, 0x00000006c5580000, 0x000000076ab00000)
  object space 87552K, 79% used [0x00000006c0000000,0x00000006c440aa90,0x00000006c5580000)
 Metaspace       used 6556K, capacity 7192K, committed 7424K, reserved 1056768K
  class space    used 605K, capacity 656K, committed 768K, reserved 1048576K
Event: 12.100 GC heap after
Heap after GC invocations=8 (full 1):
 PSYoungGen      total 294400K, used 11690K [0x000000076ab00000, 0x0000000791400000, 0x00000007c0000000)
  eden space 261120K, 0% used [0x000000076ab00000,0x000000076ab00000,0x000000077aa00000)
  from space 33280K, 35% used [0x000000077aa00000,0x000000077b56a940,0x000000077ca80000)
  to   space 54784K, 0% used [0x000000078de80000,0x000000078de80000,0x0000000791400000)
 ParOldGen       total 87552K, used 87344K [0x00000006c0000000, 0x00000006c5580000, 0x000000076ab00000)
  object space 87552K, 99% used [0x00000006c0000000,0x00000006c554c3c0,0x00000006c5580000)
 Metaspace       used 6556K, capacity 7192K, committed 7424K, reserved 1056768K
  class space    used 605K, capacity 656K, committed 768K, reserved 1048576K
}
Event: 14.551 GC heap before
{Heap before GC invocations=9 (full 2):
 PSYoungGen      total 294400K, used 272810K [0x000000076ab00000, 0x0000000791400000, 0x00000007c0000000)
  eden space 261120K, 100% used [0x000000076ab00000,0x000000077aa00000,0x000000077aa00000)
  from space 33280K, 35% used [0x000000077aa00000,0x000000077b56a940,0x000000077ca80000)
  to   space 54784K, 0% used [0x000000078de80000,0x000000078de80000,0x0000000791400000)
 ParOldGen       total 87552K, used 87344K [0x00000006c0000000, 0x00000006c5580000, 0x000000076ab00000)
  object space 87552K, 99% used [0x00000006c0000000,0x00000006c554c3c0,0x00000006c5580000)
 Metaspace       used 6594K, capacity 7256K, committed 7424K, reserved 1056768K
  class space    used 605K, capacity 656K, committed 768K, reserved 1048576K
Event: 15.944 GC heap after
Heap after GC invocations=9 (full 2):
 PSYoungGen      total 294400K, used 48802K [0x000000076ab00000, 0x0000000791400000, 0x00000007c0000000)
  eden space 261120K, 18% used [0x000000076ab00000,0x000000076daa8868,0x000000077aa00000)
  from space 33280K, 0% used [0x000000077aa00000,0x000000077aa00000,0x000000077ca80000)
  to   space 54784K, 0% used [0x000000078de80000,0x000000078de80000,0x0000000791400000)
 ParOldGen       total 87552K, used 87517K [0x00000006c0000000, 0x00000006c5580000, 0x000000076ab00000)
  object space 87552K, 99% used [0x00000006c0000000,0x00000006c5577480,0x00000006c5580000)
 Metaspace       used 6594K, capacity 7256K, committed 7424K, reserved 1056768K
  class space    used 605K, capacity 656K, committed 768K, reserved 1048576K
}

